<?xml version="1.0" encoding="UTF-8"?>
<!-- Generated by org.testng.reporters.JUnitReportReporter -->
<testsuite hostname="Sasi" failures="0" tests="3" name="com.testng.selenium.DemoTestGroups2" time="0.005" errors="0" timestamp="2022-07-11T19:51:51 IST" skipped="0">
  <testcase classname="com.testng.selenium.DemoTestGroups2" name="testmethodperformance" time="0.001"/>
  <system-out/>
  <testcase classname="com.testng.selenium.DemoTestGroups2" name="testMethod3" time="0.004"/>
  <system-out/>
  <testcase classname="com.testng.selenium.DemoTestGroups2" name="testMethod2" time="0.000"/>
  <system-out/>
</testsuite> <!-- com.testng.selenium.DemoTestGroups2 -->
