<?xml version="1.0" encoding="UTF-8"?>
<!-- Generated by org.testng.reporters.JUnitReportReporter -->
<testsuite hostname="Sasi" failures="0" tests="11" name="com.testng.selenium.DemoDataProvider" time="0.025" errors="0" timestamp="2022-07-12T20:00:38 IST" skipped="2">
  <testcase classname="com.testng.selenium.DemoDataProvider" name="cccccc1" time="0.002"/>
  <system-out/>
  <testcase classname="com.testng.selenium.DemoDataProvider" name="cccccc1" time="0.002"/>
  <system-out/>
  <testcase classname="com.testng.selenium.DemoDataProvider" name="cccccc1" time="0.002"/>
  <system-out/>
  <testcase classname="com.testng.selenium.DemoDataProvider" name="cccccc1" time="0.003"/>
  <system-out/>
  <testcase classname="com.testng.selenium.DemoDataProvider" name="cccccc1" time="0.002"/>
  <system-out/>
  <testcase classname="com.testng.selenium.DemoDataProvider" name="cccccc1" time="0.009"/>
  <system-out/>
  <testcase classname="com.testng.selenium.DemoDataProvider" name="cccccc1" time="0.002"/>
  <system-out/>
  <testcase classname="com.testng.selenium.DemoDataProvider" name="cccccc1" time="0.001"/>
  <system-out/>
  <testcase classname="com.testng.selenium.DemoDataProvider" name="cccccc1" time="0.002"/>
  <system-out/>
  <testcase classname="com.testng.selenium.DemoDataProvider" name="test1">
    <skipped/>
  </testcase> <!-- test1 -->
  <system-out/>
  <testcase classname="com.testng.selenium.DemoDataProvider" name="test2">
    <skipped/>
  </testcase> <!-- test2 -->
  <system-out/>
</testsuite> <!-- com.testng.selenium.DemoDataProvider -->
