<?xml version="1.0" encoding="UTF-8"?>
<!-- Generated by org.testng.reporters.JUnitReportReporter -->
<testsuite hostname="Sasi" failures="0" tests="5" name="demoTestNG" time="0.026" errors="0" timestamp="2022-07-09T20:12:21 IST" skipped="0">
  <testcase classname="demoTestNG" name="login" time="0.004"/>
  <system-out/>
  <testcase classname="demoTestNG" name="editUser" time="0.005"/>
  <system-out/>
  <testcase classname="demoTestNG" name="logout" time="0.004"/>
  <system-out/>
  <testcase classname="demoTestNG" name="createUser" time="0.008"/>
  <system-out/>
  <testcase classname="demoTestNG" name="dashboardVerification" time="0.005"/>
  <system-out/>
</testsuite> <!-- demoTestNG -->
