<?xml version="1.0" encoding="UTF-8"?>
<!-- Generated by org.testng.reporters.JUnitReportReporter -->
<testsuite hostname="Sasi" failures="0" tests="2" name="com.testng.selenium.DemoTestGroups" time="0.008" errors="0" timestamp="2022-07-11T19:51:51 IST" skipped="0">
  <testcase classname="com.testng.selenium.DemoTestGroups" name="testMethod1" time="0.006"/>
  <system-out/>
  <testcase classname="com.testng.selenium.DemoTestGroups" name="testMethod3" time="0.002"/>
  <system-out/>
</testsuite> <!-- com.testng.selenium.DemoTestGroups -->
