<?xml version="1.0" encoding="UTF-8"?>
<!-- Generated by org.testng.reporters.JUnitReportReporter -->
<testsuite hostname="Sasi" failures="0" tests="1" name="com.testng.selenium.actiopns.DemoActions" time="4.201" errors="0" timestamp="2022-08-01T19:38:44 IST" skipped="0">
  <testcase classname="com.testng.selenium.actiopns.DemoActions" name="test" time="4.201"/>
  <system-out/>
</testsuite> <!-- com.testng.selenium.actiopns.DemoActions -->
