<?xml version="1.0" encoding="UTF-8"?>
<!-- Generated by org.testng.reporters.JUnitReportReporter -->
<testsuite hostname="Sasi" failures="0" tests="1" name="com.testng.selenium.DemoParameters" time="0.006" errors="0" timestamp="2022-07-11T20:20:51 IST" skipped="0">
  <testcase classname="com.testng.selenium.DemoParameters" name="testSingleString" time="0.006"/>
  <system-out/>
</testsuite> <!-- com.testng.selenium.DemoParameters -->
