<?xml version="1.0" encoding="UTF-8"?>
<!-- Generated by org.testng.reporters.JUnitReportReporter -->
<testsuite hostname="Sasi" failures="0" tests="4" name="DemoImplicitWait" time="66.366" errors="0" timestamp="2022-07-09T19:59:14 IST" skipped="0">
  <testcase classname="DemoImplicitWait" name="test4" time="54.046"/>
  <system-out/>
  <testcase classname="DemoImplicitWait" name="test1" time="2.970"/>
  <system-out/>
  <testcase classname="DemoImplicitWait" name="test2" time="2.994"/>
  <system-out/>
  <testcase classname="DemoImplicitWait" name="test3" time="6.356"/>
  <system-out/>
</testsuite> <!-- DemoImplicitWait -->
