<?xml version="1.0" encoding="UTF-8"?>
<!-- Generated by org.testng.reporters.JUnitReportReporter -->
<testsuite hostname="Sasi" failures="0" tests="1" name="com.testng.selenium.DemoScreenshot" time="3.398" errors="0" timestamp="2022-07-28T19:35:27 IST" skipped="0">
  <testcase classname="com.testng.selenium.DemoScreenshot" name="testScreenshot" time="3.398"/>
  <system-out/>
</testsuite> <!-- com.testng.selenium.DemoScreenshot -->
