<?xml version="1.0" encoding="UTF-8"?>
<!-- Generated by org.testng.reporters.JUnitReportReporter -->
<testsuite hostname="Sasi" failures="0" tests="4" name="com.testng.selenium.DemoImplicitWait" time="48.217" errors="0" timestamp="2022-07-09T20:24:28 IST" skipped="0">
  <testcase classname="com.testng.selenium.DemoImplicitWait" name="kkkk" time="4.921"/>
  <system-out/>
  <testcase classname="com.testng.selenium.DemoImplicitWait" name="ggggg" time="4.863"/>
  <system-out/>
  <testcase classname="com.testng.selenium.DemoImplicitWait" name="abc" time="4.634"/>
  <system-out/>
  <testcase classname="com.testng.selenium.DemoImplicitWait" name="ddddd" time="33.799"/>
  <system-out/>
</testsuite> <!-- com.testng.selenium.DemoImplicitWait -->
