<?xml version="1.0" encoding="UTF-8"?>
<!-- Generated by org.testng.reporters.JUnitReportReporter -->
<testsuite hostname="Sasi" failures="0" tests="1" name="com.testng.selenium.DD" time="0.004" errors="0" timestamp="2022-07-12T17:29:56 IST" skipped="0">
  <testcase classname="com.testng.selenium.DD" name="test" time="0.004"/>
  <system-out/>
</testsuite> <!-- com.testng.selenium.DD -->
