<?xml version="1.0" encoding="UTF-8"?>
<!-- Generated by org.testng.reporters.JUnitReportReporter -->
<testsuite hostname="Sasi" failures="0" tests="1" name="com.testng.selenium.DemoMouseHover" time="3.567" errors="0" timestamp="2022-07-28T19:51:09 IST" skipped="0">
  <testcase classname="com.testng.selenium.DemoMouseHover" name="test" time="3.567"/>
  <system-out/>
</testsuite> <!-- com.testng.selenium.DemoMouseHover -->
