<?xml version="1.0" encoding="UTF-8"?>
<!-- Generated by org.testng.reporters.JUnitReportReporter -->
<testsuite hostname="Sasi" failures="0" tests="1" name="com.testng.selenium.actiopns.DemoDropdown" time="10.104" errors="0" timestamp="2022-08-03T20:46:57 IST" skipped="0">
  <testcase classname="com.testng.selenium.actiopns.DemoDropdown" name="test" time="10.104"/>
  <system-out/>
</testsuite> <!-- com.testng.selenium.actiopns.DemoDropdown -->
